Nessun errore!
Albero sintattico:

Block
  DecVar: 'x' -> IntType
  	ValExpNode: 1
  DecFun: 'f' -> VoidType
  	Arg: 'n' -> IntType
  	Block
  	  ITE
  	  	BinExp[==]
  	  		DerExpNode: 'n' -> at nesting level 1 with offset 1
  	  		ValExpNode: 0
  	  	Block
  	  	  PrintNode
  	  	  	BaseExpNode
  	  	  		DerExpNode: 'x' -> at nesting level 0 with offset -1
  	  	Block
  	  	  Assignment: 'x' -> at nesting level 0 with offset -1
  	  	  	BinExp[*]
  	  	  		DerExpNode: 'x' -> at nesting level 0 with offset -1
  	  	  		DerExpNode: 'n' -> at nesting level 1 with offset 1
  	  	  Call: 'f' -> at nesting level 0 with offset 0
  	  	  	BinExp[-]
  	  	  		DerExpNode: 'n' -> at nesting level 1 with offset 1
  	  	  		ValExpNode: 1
  Call: 'f' -> at nesting level 0 with offset 0
  	ValExpNode: 10

Nella Code generation hai 0 errori lessicali e 0 errori di sintassi.

Avvio della macchina virtuale...
Risultato esecuzione:

	0

Uscita: nessun errore!
Analisi completata!
